 Receipt Module : Sasikumar.M.S  
 Receipt Module : Sasikumar.M.S  
 Receipt Module : Sinimol K.S  
 Receipt Module : SUJISH C D  
 Receipt Module : Rekha R.S  
 Receipt Module : Rekha R.S  
 Receipt Module : P.V Vimal Kumar  
 Receipt Module : P.V Vimal Kumar  
 Receipt Module : P.V Vimal Kumar  
 Receipt Module : Harikumar.K.  
 Receipt Module : Harikumar.K.  
 Receipt Module : K M Moahanan  
 Receipt Module : AKHILA N.S  
 Receipt Module : SUNITHA  
 Receipt Module : SUNITHA  
 Receipt Module : SUNITHA  
 Receipt Module : SUNITHA  
 Receipt Module : SUNITHA  
 Receipt Module : SUNITHA  
 Receipt Module : AJESH.T  
 Receipt Module : AJESH.T  
 Receipt Module : AJESH.T  
 Receipt Module : AJESH.T  
 Receipt Module : AJESH.T  
 Receipt Module : jayalalitha.P.B  
 Receipt Module : Sreepathi M S  
 Receipt Module : SUJISH C D  
 Receipt Module : SUJISH C D  
 Receipt Module : VIJAYALAKSHMI.P  
 Receipt Module : VIJAYALAKSHMI.P  
 Receipt Module : R Santhoshkumar  
 Receipt Module : R Santhoshkumar  
 Receipt Module : R Santhoshkumar  
 Receipt Module : Sreepathi M S  
 Receipt Module : Sreepathi M S  
 Receipt Module : Sreepathi M S  
 Receipt Module : Rajimon S S  
 Receipt Module : Libu Mathew  
 Receipt Module : Libu Mathew  
 Receipt Module : Libu Mathew  
 Receipt Module : SURESHAN P P  
 Receipt Module : SURESHAN P P  
 Receipt Module : SURESHAN P P  
 Receipt Module : SURESHAN P P  
 Receipt Module : SURESHAN P P  
 Receipt Module : SURESHAN P P  
 Receipt Module : SURESHAN P P  
 Receipt Module : SURESHAN P P  
 Receipt Module : SURESHAN P P  
 Receipt Module : SURESHAN P P  
 Receipt Module : SURESHAN P P  
 Receipt Module : SURESHAN P P  
 Receipt Module : SURESHAN P P  
 Receipt Module : SURESHAN P P  
 Receipt Module : SURESHAN P P  
 Receipt Module : SURESHAN P P  
 Receipt Module : SURESHAN P P  
 Receipt Module : SURESHAN P P  
 Receipt Module : SURESHAN P P  
 Receipt Module : SURESHAN P P  
 Receipt Module : SURESHAN P P  
 Receipt Module : SURESHAN P P  
 Receipt Module : SURESHAN P P  
 Receipt Module : SURESHAN P P  
 Receipt Module : SURESHAN P P  
 Receipt Module : Kannan T  
 Receipt Module : Kannan T  
 Receipt Module : R Santhoshkumar  
 Receipt Module : Eldhose C Poulose  
 Receipt Module : Nisha Rani L  
 Receipt Module : Nisha Rani L  
 Receipt Module : Nisha Rani L  
 Receipt Module : Nisha Rani L  
 Receipt Module : Nisha Rani L  
 Receipt Module : Nisha Rani L  
 Receipt Module : Nisha Rani L  
 Receipt Module : Nisha Rani L  
 Receipt Module : Nisha Rani L  
 Receipt Module : Nisha Rani L  
 Receipt Module : Nisha Rani L  
 Receipt Module : Nisha Rani L  
 Receipt Module : Nisha Rani L  
 Receipt Module : Nisha Rani L  
 Receipt Module : Nisha Rani L  
 Receipt Module : Nisha Rani L  
 Receipt Module : Nisha Rani L  
 Receipt Module : Nisha Rani L  
 Receipt Module : Nisha Rani L  
 Receipt Module : Nisha Rani L  
 Receipt Module : Nisha Rani L  
 Receipt Module : Sreepathi M S  
